<?xml version="1.0" encoding="UTF-8"?>
<!-- Generated by org.testng.reporters.JUnitReportReporter -->
<testsuite hostname="eepsas-MacBook-Pro.local" failures="0" tests="5" name="com.salesforce.test.CreateOptyTest" time="82.873" errors="0" timestamp="2022-02-10T09:19:41 PST" skipped="0">
  <testcase classname="com.salesforce.test.CreateOptyTest" name="TC16" time="20.856"/>
  <system-out/>
  <testcase classname="com.salesforce.test.CreateOptyTest" name="TC15" time="13.240"/>
  <system-out/>
  <testcase classname="com.salesforce.test.CreateOptyTest" name="TC17" time="14.837"/>
  <system-out/>
  <testcase classname="com.salesforce.test.CreateOptyTest" name="TC19" time="19.200"/>
  <system-out/>
  <testcase classname="com.salesforce.test.CreateOptyTest" name="TC18" time="14.740"/>
  <system-out/>
</testsuite> <!-- com.salesforce.test.CreateOptyTest -->
