<?xml version="1.0" encoding="UTF-8"?>
<!-- Generated by org.testng.reporters.JUnitReportReporter -->
<testsuite hostname="eepsas-MacBook-Pro.local" failures="0" tests="5" name="com.salesforce.test.RandomscenarioTest" time="96.563" errors="0" timestamp="2022-02-10T09:19:41 PST" skipped="0">
  <testcase classname="com.salesforce.test.RandomscenarioTest" name="TC36" time="22.198"/>
  <system-out/>
  <testcase classname="com.salesforce.test.RandomscenarioTest" name="TC35" time="18.930"/>
  <system-out/>
  <testcase classname="com.salesforce.test.RandomscenarioTest" name="TC34" time="18.721"/>
  <system-out/>
  <testcase classname="com.salesforce.test.RandomscenarioTest" name="TC33" time="12.665"/>
  <system-out/>
  <testcase classname="com.salesforce.test.RandomscenarioTest" name="TC37" time="24.049"/>
  <system-out/>
</testsuite> <!-- com.salesforce.test.RandomscenarioTest -->
