<?xml version="1.0" encoding="UTF-8"?>
<!-- Generated by org.testng.reporters.JUnitReportReporter -->
<testsuite hostname="eepsas-MacBook-Pro.local" failures="0" tests="8" name="com.salesforce.test.ContactTest" time="133.007" errors="0" timestamp="2022-02-10T09:19:41 PST" skipped="0">
  <testcase classname="com.salesforce.test.ContactTest" name="TC32" time="17.417"/>
  <system-out/>
  <testcase classname="com.salesforce.test.ContactTest" name="TC29" time="15.707"/>
  <system-out/>
  <testcase classname="com.salesforce.test.ContactTest" name="TC31" time="17.392"/>
  <system-out/>
  <testcase classname="com.salesforce.test.ContactTest" name="TC28" time="15.107"/>
  <system-out/>
  <testcase classname="com.salesforce.test.ContactTest" name="TC27" time="15.225"/>
  <system-out/>
  <testcase classname="com.salesforce.test.ContactTest" name="TC25" time="17.114"/>
  <system-out/>
  <testcase classname="com.salesforce.test.ContactTest" name="TC30" time="19.950"/>
  <system-out/>
  <testcase classname="com.salesforce.test.ContactTest" name="TC26" time="15.095"/>
  <system-out/>
</testsuite> <!-- com.salesforce.test.ContactTest -->
