<?xml version="1.0" encoding="UTF-8"?>
<!-- Generated by org.testng.reporters.JUnitReportReporter -->
<testsuite hostname="eepsas-MacBook-Pro.local" failures="0" tests="8" name="com.salesforce.test.UsermenuDropdownTest" time="274.547" errors="0" timestamp="2022-02-10T09:19:41 PST" skipped="0">
  <testcase classname="com.salesforce.test.UsermenuDropdownTest" name="TC07" time="32.047"/>
  <system-out/>
  <testcase classname="com.salesforce.test.UsermenuDropdownTest" name="TC08" time="16.057"/>
  <system-out/>
  <testcase classname="com.salesforce.test.UsermenuDropdownTest" name="TC09" time="12.900"/>
  <system-out/>
  <testcase classname="com.salesforce.test.UsermenuDropdownTest" name="TC05" time="14.260"/>
  <system-out/>
  <testcase classname="com.salesforce.test.UsermenuDropdownTest" name="TC07email" time="45.593"/>
  <system-out/>
  <testcase classname="com.salesforce.test.UsermenuDropdownTest" name="profilePicture" time="80.583"/>
  <system-out/>
  <testcase classname="com.salesforce.test.UsermenuDropdownTest" name="TC07calendar" time="25.953"/>
  <system-out/>
  <testcase classname="com.salesforce.test.UsermenuDropdownTest" name="TC06" time="47.154"/>
  <system-out/>
</testsuite> <!-- com.salesforce.test.UsermenuDropdownTest -->
