<?xml version="1.0" encoding="UTF-8"?>
<!-- Generated by org.testng.reporters.JUnitReportReporter -->
<testsuite hostname="eepsas-MacBook-Pro.local" failures="0" tests="1" name="com.salesforce.automation.RandomScenario" time="49.286" errors="0" timestamp="2022-02-01T10:08:30 PST" skipped="0">
  <testcase classname="com.salesforce.automation.RandomScenario" name="TC37" time="49.286"/>
  <system-out/>
</testsuite> <!-- com.salesforce.automation.RandomScenario -->
