<?xml version="1.0" encoding="UTF-8"?>
<!-- Generated by org.testng.reporters.JUnitReportReporter -->
<testsuite hostname="eepsas-MacBook-Pro.local" failures="0" tests="1" name="com.salesforce.test.testusermenudropdown" time="43.034" errors="0" timestamp="2022-02-08T17:52:49 PST" skipped="0">
  <testcase classname="com.salesforce.test.testusermenudropdown" name="TC07calendar" time="43.034"/>
  <system-out/>
</testsuite> <!-- com.salesforce.test.testusermenudropdown -->
