<?xml version="1.0" encoding="UTF-8"?>
<!-- Generated by org.testng.reporters.JUnitReportReporter -->
<testsuite hostname="eepsas-MacBook-Pro.local" failures="0" tests="1" name="com.salesforce.automation.Autimation" time="21.548" errors="0" timestamp="2022-01-28T12:37:42 PST" skipped="0">
  <testcase classname="com.salesforce.automation.Autimation" name="TC08" time="21.548"/>
  <system-out/>
</testsuite> <!-- com.salesforce.automation.Autimation -->
