<?xml version="1.0" encoding="UTF-8"?>
<!-- Generated by org.testng.reporters.JUnitReportReporter -->
<testsuite hostname="eepsas-MacBook-Pro.local" failures="0" tests="1" name="com.salesforce.automation.LeadsAutomation" time="39.163" errors="0" timestamp="2022-01-30T18:50:14 PST" skipped="0">
  <testcase classname="com.salesforce.automation.LeadsAutomation" name="TC22" time="39.163"/>
  <system-out/>
</testsuite> <!-- com.salesforce.automation.LeadsAutomation -->
