<?xml version="1.0" encoding="UTF-8"?>
<!-- Generated by org.testng.reporters.JUnitReportReporter -->
<testsuite hostname="eepsas-MacBook-Pro.local" failures="0" tests="5" name="com.salesforce.test.LeadsTest" time="86.950" errors="0" timestamp="2022-02-10T09:19:41 PST" skipped="0">
  <testcase classname="com.salesforce.test.LeadsTest" name="TC22" time="24.016"/>
  <system-out/>
  <testcase classname="com.salesforce.test.LeadsTest" name="TC20" time="15.294"/>
  <system-out/>
  <testcase classname="com.salesforce.test.LeadsTest" name="TC24" time="18.078"/>
  <system-out/>
  <testcase classname="com.salesforce.test.LeadsTest" name="TC21" time="14.085"/>
  <system-out/>
  <testcase classname="com.salesforce.test.LeadsTest" name="TC23" time="15.477"/>
  <system-out/>
</testsuite> <!-- com.salesforce.test.LeadsTest -->
