<?xml version="1.0" encoding="UTF-8"?>
<!-- Generated by org.testng.reporters.JUnitReportReporter -->
<testsuite hostname="eepsas-MacBook-Pro.local" failures="0" tests="5" name="com.salesforce.test.CreateaccountTest" time="101.553" errors="0" timestamp="2022-02-10T09:19:41 PST" skipped="0">
  <testcase classname="com.salesforce.test.CreateaccountTest" name="TC13" time="28.180"/>
  <system-out/>
  <testcase classname="com.salesforce.test.CreateaccountTest" name="TC10" time="15.331"/>
  <system-out/>
  <testcase classname="com.salesforce.test.CreateaccountTest" name="TC14" time="18.267"/>
  <system-out/>
  <testcase classname="com.salesforce.test.CreateaccountTest" name="TC12" time="24.189"/>
  <system-out/>
  <testcase classname="com.salesforce.test.CreateaccountTest" name="TC11" time="15.586"/>
  <system-out/>
</testsuite> <!-- com.salesforce.test.CreateaccountTest -->
